app/build/intermediates/manifest_merge_blame_file/orderOnlineRelease/manifest-merger-blame-orderOnline-release-report.txt
1<?xml version="1.0" encoding="utf-8"?>
2<manifest xmlns:android="http://schemas.android.com/apk/res/android"
3    package="com.atlas.orianofood.orderonline"
4    android:versionCode="3"
5    android:versionName="1.3" >
6
7    <uses-sdk
8        android:minSdkVersion="16"
9        android:targetSdkVersion="30" />
10    <!-- Include required permissions for Google Mobile Ads to run. -->
11    <uses-permission android:name="android.permission.INTERNET" />
11-->src\main\AndroidManifest.xml:5:5-67
11-->src\main\AndroidManifest.xml:5:22-64
12    <uses-permission android:name="android.permission.ACCESS_NETWORK_STATE" />
12-->src\main\AndroidManifest.xml:7:5-79
12-->src\main\AndroidManifest.xml:7:22-76
13
14    <application
14-->src\main\AndroidManifest.xml:9:5-22:19
15        android:name="com.atlas.orianofood.core.App"
15-->src\orderOnline\AndroidManifest.xml:9:9-53
16        android:allowBackup="true"
16-->src\main\AndroidManifest.xml:10:9-35
17        android:appComponentFactory="androidx.core.app.CoreComponentFactory"
17-->[androidx.core:core:1.3.2] AndroidManifest.xml:24:18-86
18        android:icon="@mipmap/ic_launcher"
18-->src\main\AndroidManifest.xml:11:9-43
19        android:label="@string/app_name"
19-->src\main\AndroidManifest.xml:12:9-41
20        android:networkSecurityConfig="@xml/network_security_config"
20-->src\orderOnline\AndroidManifest.xml:13:9-69
21        android:roundIcon="@mipmap/ic_launcher_round"
21-->src\main\AndroidManifest.xml:13:9-54
22        android:supportsRtl="true"
22-->src\main\AndroidManifest.xml:14:9-35
23        android:theme="@style/AppTheme"
23-->src\main\AndroidManifest.xml:16:9-40
24        android:usesCleartextTraffic="true" >
24-->src\main\AndroidManifest.xml:15:9-44
25        <uses-library
25-->src\orderOnline\AndroidManifest.xml:20:9-22:40
26            android:name="org.apache.http.legacy"
26-->src\orderOnline\AndroidManifest.xml:21:13-50
27            android:required="false" /> <!-- MVVM -->
27-->src\orderOnline\AndroidManifest.xml:22:13-37
28        <activity
28-->src\orderOnline\AndroidManifest.xml:23:9-32:20
29            android:name="com.atlas.orianofood.mvvm.activity.SplashScreenActivity"
29-->src\orderOnline\AndroidManifest.xml:24:13-83
30            android:screenOrientation="portrait"
30-->src\orderOnline\AndroidManifest.xml:25:13-49
31            android:theme="@style/NoActionBarAppTheme" >
31-->src\orderOnline\AndroidManifest.xml:26:13-55
32            <intent-filter>
32-->src\orderOnline\AndroidManifest.xml:27:13-31:29
33                <action android:name="android.intent.action.MAIN" />
33-->src\orderOnline\AndroidManifest.xml:28:17-69
33-->src\orderOnline\AndroidManifest.xml:28:25-66
34
35                <category android:name="android.intent.category.LAUNCHER" />
35-->src\orderOnline\AndroidManifest.xml:30:17-77
35-->src\orderOnline\AndroidManifest.xml:30:27-74
36            </intent-filter>
37        </activity>
38        <activity
38-->src\orderOnline\AndroidManifest.xml:33:9-36:67
39            android:name="com.atlas.orianofood.mvvm.activity.HomeSPActivity"
39-->src\orderOnline\AndroidManifest.xml:34:13-77
40            android:screenOrientation="portrait"
40-->src\orderOnline\AndroidManifest.xml:35:13-49
41            android:theme="@style/NoActionBarAppTheme" />
41-->src\orderOnline\AndroidManifest.xml:36:13-55
42        <activity
42-->src\orderOnline\AndroidManifest.xml:37:9-41:58
43            android:name="com.atlas.orianofood.mvvm.activity.GallerySPActivity"
43-->src\orderOnline\AndroidManifest.xml:38:13-80
44            android:label="@string/title_activity_gallery"
44-->src\orderOnline\AndroidManifest.xml:39:13-59
45            android:screenOrientation="portrait"
45-->src\orderOnline\AndroidManifest.xml:40:13-49
46            android:theme="@style/NoActionBarAppTheme" />
46-->src\orderOnline\AndroidManifest.xml:41:13-55
47        <activity
47-->src\orderOnline\AndroidManifest.xml:42:9-45:58
48            android:name="com.atlas.orianofood.mvvm.activity.LoginActivity"
48-->src\orderOnline\AndroidManifest.xml:43:13-76
49            android:screenOrientation="portrait"
49-->src\orderOnline\AndroidManifest.xml:44:13-49
50            android:theme="@style/NoActionBarAppTheme" />
50-->src\orderOnline\AndroidManifest.xml:45:13-55
51        <activity
51-->src\orderOnline\AndroidManifest.xml:46:9-49:58
52            android:name="com.atlas.orianofood.mvvm.activity.RegisterActivity"
52-->src\orderOnline\AndroidManifest.xml:47:13-79
53            android:screenOrientation="portrait"
53-->src\orderOnline\AndroidManifest.xml:48:13-49
54            android:theme="@style/NoActionBarAppTheme" />
54-->src\orderOnline\AndroidManifest.xml:49:13-55
55        <activity
55-->src\orderOnline\AndroidManifest.xml:50:9-53:58
56            android:name="com.atlas.orianofood.mvvm.activity.TermsAndCondition"
56-->src\orderOnline\AndroidManifest.xml:51:13-80
57            android:screenOrientation="portrait"
57-->src\orderOnline\AndroidManifest.xml:52:13-49
58            android:theme="@style/NoActionBarAppTheme" />
58-->src\orderOnline\AndroidManifest.xml:53:13-55
59        <activity
59-->src\orderOnline\AndroidManifest.xml:54:9-57:58
60            android:name="com.atlas.orianofood.mvvm.activity.PrivacyPolicyActivity"
60-->src\orderOnline\AndroidManifest.xml:55:13-84
61            android:screenOrientation="portrait"
61-->src\orderOnline\AndroidManifest.xml:56:13-49
62            android:theme="@style/NoActionBarAppTheme" />
62-->src\orderOnline\AndroidManifest.xml:57:13-55
63        <activity
63-->src\orderOnline\AndroidManifest.xml:58:9-61:58
64            android:name="com.atlas.orianofood.mvvm.activity.CategorySPActivity"
64-->src\orderOnline\AndroidManifest.xml:59:13-81
65            android:screenOrientation="portrait"
65-->src\orderOnline\AndroidManifest.xml:60:13-49
66            android:theme="@style/NoActionBarAppTheme" />
66-->src\orderOnline\AndroidManifest.xml:61:13-55
67        <activity
67-->src\orderOnline\AndroidManifest.xml:62:9-65:58
68            android:name="com.atlas.orianofood.mvvm.activity.ProductSPActivity"
68-->src\orderOnline\AndroidManifest.xml:63:13-80
69            android:screenOrientation="portrait"
69-->src\orderOnline\AndroidManifest.xml:64:13-49
70            android:theme="@style/NoActionBarAppTheme" />
70-->src\orderOnline\AndroidManifest.xml:65:13-55
71        <activity
71-->src\orderOnline\AndroidManifest.xml:66:9-69:58
72            android:name="com.atlas.orianofood.mvvm.activity.MyCartSpActivity"
72-->src\orderOnline\AndroidManifest.xml:67:13-79
73            android:screenOrientation="portrait"
73-->src\orderOnline\AndroidManifest.xml:68:13-49
74            android:theme="@style/NoActionBarAppTheme" />
74-->src\orderOnline\AndroidManifest.xml:69:13-55
75
76        <!-- FireBase RT -->
77        <activity
77-->src\main\AndroidManifest.xml:17:9-19:58
78            android:name="com.atlas.orianofood.firebaseRT.activity.SplashActivity"
78-->src\main\AndroidManifest.xml:18:13-83
79            android:screenOrientation="portrait"
79-->src\orderOnline\AndroidManifest.xml:74:13-49
80            android:theme="@style/NoActionBarAppTheme" >
80-->src\main\AndroidManifest.xml:19:13-55
81
82            <!--
83             <intent-filter>
84                 <action android:name="android.intent.action.MAIN" />
85                 <category android:name="android.intent.category.LAUNCHER" />
86             </intent-filter>
87            -->
88        </activity>
89        <activity
89-->src\orderOnline\AndroidManifest.xml:85:9-88:58
90            android:name="com.atlas.orianofood.firebaseRT.activity.SubscriptionActivity"
90-->src\orderOnline\AndroidManifest.xml:86:13-89
91            android:screenOrientation="portrait"
91-->src\orderOnline\AndroidManifest.xml:87:13-49
92            android:theme="@style/NoActionBarAppTheme" />
92-->src\orderOnline\AndroidManifest.xml:88:13-55
93        <activity
93-->src\orderOnline\AndroidManifest.xml:89:9-92:58
94            android:name="com.atlas.orianofood.firebaseRT.activity.SignInActivity"
94-->src\orderOnline\AndroidManifest.xml:90:13-83
95            android:screenOrientation="portrait"
95-->src\orderOnline\AndroidManifest.xml:91:13-49
96            android:theme="@style/NoActionBarAppTheme" />
96-->src\orderOnline\AndroidManifest.xml:92:13-55
97        <activity
97-->src\orderOnline\AndroidManifest.xml:93:9-96:58
98            android:name="com.atlas.orianofood.firebaseRT.activity.SignUpActivity"
98-->src\orderOnline\AndroidManifest.xml:94:13-83
99            android:screenOrientation="portrait"
99-->src\orderOnline\AndroidManifest.xml:95:13-49
100            android:theme="@style/NoActionBarAppTheme" />
100-->src\orderOnline\AndroidManifest.xml:96:13-55
101        <activity
101-->src\orderOnline\AndroidManifest.xml:97:9-100:58
102            android:name="com.atlas.orianofood.firebaseRT.activity.ResetPasswordActivity"
102-->src\orderOnline\AndroidManifest.xml:98:13-90
103            android:screenOrientation="portrait"
103-->src\orderOnline\AndroidManifest.xml:99:13-49
104            android:theme="@style/NoActionBarAppTheme" />
104-->src\orderOnline\AndroidManifest.xml:100:13-55
105        <activity
105-->src\orderOnline\AndroidManifest.xml:101:9-104:58
106            android:name="com.atlas.orianofood.firebaseRT.activity.ProfileActivity"
106-->src\orderOnline\AndroidManifest.xml:102:13-84
107            android:screenOrientation="portrait"
107-->src\orderOnline\AndroidManifest.xml:103:13-49
108            android:theme="@style/NoActionBarAppTheme" />
108-->src\orderOnline\AndroidManifest.xml:104:13-55
109        <activity
109-->src\orderOnline\AndroidManifest.xml:105:9-108:58
110            android:name="com.atlas.orianofood.firebaseRT.activity.MyAddressesActivity"
110-->src\orderOnline\AndroidManifest.xml:106:13-88
111            android:screenOrientation="portrait"
111-->src\orderOnline\AndroidManifest.xml:107:13-49
112            android:theme="@style/NoActionBarAppTheme" />
112-->src\orderOnline\AndroidManifest.xml:108:13-55
113        <activity
113-->src\orderOnline\AndroidManifest.xml:109:9-112:58
114            android:name="com.atlas.orianofood.firebaseRT.activity.AddAddressActivity"
114-->src\orderOnline\AndroidManifest.xml:110:13-87
115            android:screenOrientation="portrait"
115-->src\orderOnline\AndroidManifest.xml:111:13-49
116            android:theme="@style/NoActionBarAppTheme" />
116-->src\orderOnline\AndroidManifest.xml:112:13-55
117        <activity
117-->src\orderOnline\AndroidManifest.xml:113:9-116:58
118            android:name="com.atlas.orianofood.firebaseRT.activity.OrdersActivity"
118-->src\orderOnline\AndroidManifest.xml:114:13-83
119            android:screenOrientation="portrait"
119-->src\orderOnline\AndroidManifest.xml:115:13-49
120            android:theme="@style/NoActionBarAppTheme" />
120-->src\orderOnline\AndroidManifest.xml:116:13-55
121        <activity
121-->src\orderOnline\AndroidManifest.xml:117:9-120:58
122            android:name="com.atlas.orianofood.firebaseRT.activity.ChangePasswordActivity"
122-->src\orderOnline\AndroidManifest.xml:118:13-91
123            android:screenOrientation="portrait"
123-->src\orderOnline\AndroidManifest.xml:119:13-49
124            android:theme="@style/NoActionBarAppTheme" />
124-->src\orderOnline\AndroidManifest.xml:120:13-55
125        <activity
125-->src\orderOnline\AndroidManifest.xml:121:9-124:58
126            android:name="com.atlas.orianofood.firebaseRT.activity.UpdateEmailActivity"
126-->src\orderOnline\AndroidManifest.xml:122:13-88
127            android:screenOrientation="portrait"
127-->src\orderOnline\AndroidManifest.xml:123:13-49
128            android:theme="@style/NoActionBarAppTheme" />
128-->src\orderOnline\AndroidManifest.xml:124:13-55
129        <activity
129-->src\orderOnline\AndroidManifest.xml:125:9-128:58
130            android:name="com.atlas.orianofood.firebaseRT.activity.VerifyPhoneAuthActivity"
130-->src\orderOnline\AndroidManifest.xml:126:13-92
131            android:screenOrientation="portrait"
131-->src\orderOnline\AndroidManifest.xml:127:13-49
132            android:theme="@style/NoActionBarAppTheme" />
132-->src\orderOnline\AndroidManifest.xml:128:13-55
133        <activity
133-->src\orderOnline\AndroidManifest.xml:129:9-132:58
134            android:name="com.atlas.orianofood.firebaseRT.activity.VerifyPhoneActivity"
134-->src\orderOnline\AndroidManifest.xml:130:13-88
135            android:screenOrientation="portrait"
135-->src\orderOnline\AndroidManifest.xml:131:13-49
136            android:theme="@style/NoActionBarAppTheme" />
136-->src\orderOnline\AndroidManifest.xml:132:13-55
137        <activity
137-->src\orderOnline\AndroidManifest.xml:133:9-137:58
138            android:name="com.atlas.orianofood.firebaseRT.activity.GalleryActivity"
138-->src\orderOnline\AndroidManifest.xml:134:13-84
139            android:label="@string/title_activity_gallery"
139-->src\orderOnline\AndroidManifest.xml:135:13-59
140            android:screenOrientation="portrait"
140-->src\orderOnline\AndroidManifest.xml:136:13-49
141            android:theme="@style/NoActionBarAppTheme" />
141-->src\orderOnline\AndroidManifest.xml:137:13-55
142        <activity
142-->src\orderOnline\AndroidManifest.xml:138:9-141:58
143            android:name="com.atlas.orianofood.firebaseRT.activity.HomeActivity"
143-->src\orderOnline\AndroidManifest.xml:139:13-81
144            android:screenOrientation="portrait"
144-->src\orderOnline\AndroidManifest.xml:140:13-49
145            android:theme="@style/NoActionBarAppTheme" />
145-->src\orderOnline\AndroidManifest.xml:141:13-55
146        <activity
146-->src\orderOnline\AndroidManifest.xml:142:9-145:58
147            android:name="com.atlas.orianofood.firebaseRT.activity.CategoryActivity"
147-->src\orderOnline\AndroidManifest.xml:143:13-85
148            android:screenOrientation="portrait"
148-->src\orderOnline\AndroidManifest.xml:144:13-49
149            android:theme="@style/NoActionBarAppTheme" />
149-->src\orderOnline\AndroidManifest.xml:145:13-55
150        <activity
150-->src\orderOnline\AndroidManifest.xml:146:9-149:58
151            android:name="com.atlas.orianofood.firebaseRT.activity.ProductCategoryActivity"
151-->src\orderOnline\AndroidManifest.xml:147:13-92
152            android:screenOrientation="portrait"
152-->src\orderOnline\AndroidManifest.xml:148:13-49
153            android:theme="@style/NoActionBarAppTheme" />
153-->src\orderOnline\AndroidManifest.xml:149:13-55
154        <activity
154-->src\orderOnline\AndroidManifest.xml:150:9-153:58
155            android:name="com.atlas.orianofood.firebaseRT.activity.ProductActivity"
155-->src\orderOnline\AndroidManifest.xml:151:13-84
156            android:screenOrientation="portrait"
156-->src\orderOnline\AndroidManifest.xml:152:13-49
157            android:theme="@style/NoActionBarAppTheme" />
157-->src\orderOnline\AndroidManifest.xml:153:13-55
158        <activity
158-->src\orderOnline\AndroidManifest.xml:154:9-157:58
159            android:name="com.atlas.orianofood.firebaseRT.activity.CartActivity"
159-->src\orderOnline\AndroidManifest.xml:155:13-81
160            android:screenOrientation="portrait"
160-->src\orderOnline\AndroidManifest.xml:156:13-49
161            android:theme="@style/NoActionBarAppTheme" />
161-->src\orderOnline\AndroidManifest.xml:157:13-55
162        <activity
162-->src\orderOnline\AndroidManifest.xml:158:9-161:58
163            android:name="com.atlas.orianofood.firebaseRT.activity.AuthActivity"
163-->src\orderOnline\AndroidManifest.xml:159:13-81
164            android:screenOrientation="portrait"
164-->src\orderOnline\AndroidManifest.xml:160:13-49
165            android:theme="@style/NoActionBarAppTheme" />
165-->src\orderOnline\AndroidManifest.xml:161:13-55
166
167        <provider
167-->[com.squareup.picasso:picasso:2.71828] AndroidManifest.xml:8:9-11:40
168            android:name="com.squareup.picasso.PicassoProvider"
168-->[com.squareup.picasso:picasso:2.71828] AndroidManifest.xml:9:13-64
169            android:authorities="com.atlas.orianofood.orderonline.com.squareup.picasso"
169-->[com.squareup.picasso:picasso:2.71828] AndroidManifest.xml:10:13-72
170            android:exported="false" />
170-->[com.squareup.picasso:picasso:2.71828] AndroidManifest.xml:11:13-37
171
172        <service
172-->[com.google.firebase:firebase-database-ktx:19.5.1] AndroidManifest.xml:12:9-18:19
173            android:name="com.google.firebase.components.ComponentDiscoveryService"
173-->[com.google.firebase:firebase-database-ktx:19.5.1] AndroidManifest.xml:13:13-84
174            android:directBootAware="true"
174-->[com.google.firebase:firebase-common:19.4.0] AndroidManifest.xml:35:13-43
175            android:exported="false" >
175-->[com.google.firebase:firebase-database-ktx:19.5.1] AndroidManifest.xml:14:13-37
176            <meta-data
176-->[com.google.firebase:firebase-database-ktx:19.5.1] AndroidManifest.xml:15:13-17:85
177                android:name="com.google.firebase.components:com.google.firebase.database.ktx.FirebaseDatabaseKtxRegistrar"
177-->[com.google.firebase:firebase-database-ktx:19.5.1] AndroidManifest.xml:16:17-124
178                android:value="com.google.firebase.components.ComponentRegistrar" />
178-->[com.google.firebase:firebase-database-ktx:19.5.1] AndroidManifest.xml:17:17-82
179            <meta-data
179-->[com.google.firebase:firebase-database:19.5.1] AndroidManifest.xml:32:13-34:85
180                android:name="com.google.firebase.components:com.google.firebase.database.DatabaseRegistrar"
180-->[com.google.firebase:firebase-database:19.5.1] AndroidManifest.xml:33:17-109
181                android:value="com.google.firebase.components.ComponentRegistrar" />
181-->[com.google.firebase:firebase-database:19.5.1] AndroidManifest.xml:34:17-82
182            <meta-data
182-->[com.google.firebase:firebase-auth-ktx:20.0.1] AndroidManifest.xml:11:13-13:85
183                android:name="com.google.firebase.components:com.google.firebase.auth.ktx.FirebaseAuthKtxRegistrar"
183-->[com.google.firebase:firebase-auth-ktx:20.0.1] AndroidManifest.xml:12:17-116
184                android:value="com.google.firebase.components.ComponentRegistrar" />
184-->[com.google.firebase:firebase-auth-ktx:20.0.1] AndroidManifest.xml:13:17-82
185            <meta-data
185-->[com.google.firebase:firebase-auth:20.0.1] AndroidManifest.xml:77:13-79:85
186                android:name="com.google.firebase.components:com.google.firebase.auth.FirebaseAuthRegistrar"
186-->[com.google.firebase:firebase-auth:20.0.1] AndroidManifest.xml:78:17-109
187                android:value="com.google.firebase.components.ComponentRegistrar" />
187-->[com.google.firebase:firebase-auth:20.0.1] AndroidManifest.xml:79:17-82
188            <meta-data
188-->[com.google.firebase:firebase-common-ktx:19.4.0] AndroidManifest.xml:15:13-17:85
189                android:name="com.google.firebase.components:com.google.firebase.ktx.FirebaseCommonKtxRegistrar"
189-->[com.google.firebase:firebase-common-ktx:19.4.0] AndroidManifest.xml:16:17-113
190                android:value="com.google.firebase.components.ComponentRegistrar" />
190-->[com.google.firebase:firebase-common-ktx:19.4.0] AndroidManifest.xml:17:17-82
191        </service>
192
193        <provider
193-->[androidx.lifecycle:lifecycle-process:2.2.0] AndroidManifest.xml:25:9-29:43
194            android:name="androidx.lifecycle.ProcessLifecycleOwnerInitializer"
194-->[androidx.lifecycle:lifecycle-process:2.2.0] AndroidManifest.xml:26:13-79
195            android:authorities="com.atlas.orianofood.orderonline.lifecycle-process"
195-->[androidx.lifecycle:lifecycle-process:2.2.0] AndroidManifest.xml:27:13-69
196            android:exported="false"
196-->[androidx.lifecycle:lifecycle-process:2.2.0] AndroidManifest.xml:28:13-37
197            android:multiprocess="true" />
197-->[androidx.lifecycle:lifecycle-process:2.2.0] AndroidManifest.xml:29:13-40
198
199        <activity
199-->[com.google.android.gms:play-services-auth:19.0.0] AndroidManifest.xml:23:9-27:75
200            android:name="com.google.android.gms.auth.api.signin.internal.SignInHubActivity"
200-->[com.google.android.gms:play-services-auth:19.0.0] AndroidManifest.xml:24:13-93
201            android:excludeFromRecents="true"
201-->[com.google.android.gms:play-services-auth:19.0.0] AndroidManifest.xml:25:13-46
202            android:exported="false"
202-->[com.google.android.gms:play-services-auth:19.0.0] AndroidManifest.xml:26:13-37
203            android:theme="@android:style/Theme.Translucent.NoTitleBar" />
203-->[com.google.android.gms:play-services-auth:19.0.0] AndroidManifest.xml:27:13-72
204        <!--
205            Service handling Google Sign-In user revocation. For apps that do not integrate with
206            Google Sign-In, this service will never be started.
207        -->
208        <service
208-->[com.google.android.gms:play-services-auth:19.0.0] AndroidManifest.xml:33:9-37:51
209            android:name="com.google.android.gms.auth.api.signin.RevocationBoundService"
209-->[com.google.android.gms:play-services-auth:19.0.0] AndroidManifest.xml:34:13-89
210            android:exported="true"
210-->[com.google.android.gms:play-services-auth:19.0.0] AndroidManifest.xml:35:13-36
211            android:permission="com.google.android.gms.auth.api.signin.permission.REVOCATION_NOTIFICATION"
211-->[com.google.android.gms:play-services-auth:19.0.0] AndroidManifest.xml:36:13-107
212            android:visibleToInstantApps="true" />
212-->[com.google.android.gms:play-services-auth:19.0.0] AndroidManifest.xml:37:13-48
213
214        <activity
214-->[com.google.firebase:firebase-auth:20.0.1] AndroidManifest.xml:27:9-44:20
215            android:name="com.google.firebase.auth.internal.GenericIdpActivity"
215-->[com.google.firebase:firebase-auth:20.0.1] AndroidManifest.xml:28:13-80
216            android:excludeFromRecents="true"
216-->[com.google.firebase:firebase-auth:20.0.1] AndroidManifest.xml:29:13-46
217            android:exported="true"
217-->[com.google.firebase:firebase-auth:20.0.1] AndroidManifest.xml:30:13-36
218            android:launchMode="singleTask"
218-->[com.google.firebase:firebase-auth:20.0.1] AndroidManifest.xml:31:13-44
219            android:theme="@android:style/Theme.Translucent.NoTitleBar" >
219-->[com.google.firebase:firebase-auth:20.0.1] AndroidManifest.xml:32:13-72
220            <intent-filter>
220-->[com.google.firebase:firebase-auth:20.0.1] AndroidManifest.xml:33:13-43:29
221                <action android:name="android.intent.action.VIEW" />
221-->[com.google.firebase:firebase-auth:20.0.1] AndroidManifest.xml:34:17-69
221-->[com.google.firebase:firebase-auth:20.0.1] AndroidManifest.xml:34:25-66
222
223                <category android:name="android.intent.category.DEFAULT" />
223-->[com.google.firebase:firebase-auth:20.0.1] AndroidManifest.xml:36:17-76
223-->[com.google.firebase:firebase-auth:20.0.1] AndroidManifest.xml:36:27-73
224                <category android:name="android.intent.category.BROWSABLE" />
224-->[com.google.firebase:firebase-auth:20.0.1] AndroidManifest.xml:37:17-78
224-->[com.google.firebase:firebase-auth:20.0.1] AndroidManifest.xml:37:27-75
225
226                <data
226-->[com.google.firebase:firebase-auth:20.0.1] AndroidManifest.xml:39:17-42:51
227                    android:host="firebase.auth"
227-->[com.google.firebase:firebase-auth:20.0.1] AndroidManifest.xml:40:21-49
228                    android:path="/"
228-->[com.google.firebase:firebase-auth:20.0.1] AndroidManifest.xml:41:21-37
229                    android:scheme="genericidp" />
229-->[com.google.firebase:firebase-auth:20.0.1] AndroidManifest.xml:42:21-48
230            </intent-filter>
231        </activity>
232        <activity
232-->[com.google.firebase:firebase-auth:20.0.1] AndroidManifest.xml:45:9-62:20
233            android:name="com.google.firebase.auth.internal.RecaptchaActivity"
233-->[com.google.firebase:firebase-auth:20.0.1] AndroidManifest.xml:46:13-79
234            android:excludeFromRecents="true"
234-->[com.google.firebase:firebase-auth:20.0.1] AndroidManifest.xml:47:13-46
235            android:exported="true"
235-->[com.google.firebase:firebase-auth:20.0.1] AndroidManifest.xml:48:13-36
236            android:launchMode="singleTask"
236-->[com.google.firebase:firebase-auth:20.0.1] AndroidManifest.xml:49:13-44
237            android:theme="@android:style/Theme.Translucent.NoTitleBar" >
237-->[com.google.firebase:firebase-auth:20.0.1] AndroidManifest.xml:50:13-72
238            <intent-filter>
238-->[com.google.firebase:firebase-auth:20.0.1] AndroidManifest.xml:51:13-61:29
239                <action android:name="android.intent.action.VIEW" />
239-->[com.google.firebase:firebase-auth:20.0.1] AndroidManifest.xml:34:17-69
239-->[com.google.firebase:firebase-auth:20.0.1] AndroidManifest.xml:34:25-66
240
241                <category android:name="android.intent.category.DEFAULT" />
241-->[com.google.firebase:firebase-auth:20.0.1] AndroidManifest.xml:36:17-76
241-->[com.google.firebase:firebase-auth:20.0.1] AndroidManifest.xml:36:27-73
242                <category android:name="android.intent.category.BROWSABLE" />
242-->[com.google.firebase:firebase-auth:20.0.1] AndroidManifest.xml:37:17-78
242-->[com.google.firebase:firebase-auth:20.0.1] AndroidManifest.xml:37:27-75
243
244                <data
244-->[com.google.firebase:firebase-auth:20.0.1] AndroidManifest.xml:39:17-42:51
245                    android:host="firebase.auth"
245-->[com.google.firebase:firebase-auth:20.0.1] AndroidManifest.xml:40:21-49
246                    android:path="/"
246-->[com.google.firebase:firebase-auth:20.0.1] AndroidManifest.xml:41:21-37
247                    android:scheme="recaptcha" />
247-->[com.google.firebase:firebase-auth:20.0.1] AndroidManifest.xml:42:21-48
248            </intent-filter>
249        </activity>
250
251        <service
251-->[com.google.firebase:firebase-auth:20.0.1] AndroidManifest.xml:64:9-73:19
252            android:name="com.google.firebase.auth.api.fallback.service.FirebaseAuthFallbackService"
252-->[com.google.firebase:firebase-auth:20.0.1] AndroidManifest.xml:65:13-101
253            android:enabled="true"
253-->[com.google.firebase:firebase-auth:20.0.1] AndroidManifest.xml:66:13-35
254            android:exported="false" >
254-->[com.google.firebase:firebase-auth:20.0.1] AndroidManifest.xml:67:13-37
255            <intent-filter>
255-->[com.google.firebase:firebase-auth:20.0.1] AndroidManifest.xml:68:13-72:29
256                <action android:name="com.google.firebase.auth.api.gms.service.START" />
256-->[com.google.firebase:firebase-auth:20.0.1] AndroidManifest.xml:69:17-89
256-->[com.google.firebase:firebase-auth:20.0.1] AndroidManifest.xml:69:25-86
257
258                <category android:name="android.intent.category.DEFAULT" />
258-->[com.google.firebase:firebase-auth:20.0.1] AndroidManifest.xml:36:17-76
258-->[com.google.firebase:firebase-auth:20.0.1] AndroidManifest.xml:36:27-73
259            </intent-filter>
260        </service>
261
262        <activity
262-->[com.google.android.gms:play-services-base:17.1.0] AndroidManifest.xml:23:9-26:75
263            android:name="com.google.android.gms.common.api.GoogleApiActivity"
263-->[com.google.android.gms:play-services-base:17.1.0] AndroidManifest.xml:24:13-79
264            android:exported="false"
264-->[com.google.android.gms:play-services-base:17.1.0] AndroidManifest.xml:25:13-37
265            android:theme="@android:style/Theme.Translucent.NoTitleBar" />
265-->[com.google.android.gms:play-services-base:17.1.0] AndroidManifest.xml:26:13-72
266
267        <provider
267-->[com.google.firebase:firebase-common:19.4.0] AndroidManifest.xml:26:9-31:39
268            android:name="com.google.firebase.provider.FirebaseInitProvider"
268-->[com.google.firebase:firebase-common:19.4.0] AndroidManifest.xml:27:13-77
269            android:authorities="com.atlas.orianofood.orderonline.firebaseinitprovider"
269-->[com.google.firebase:firebase-common:19.4.0] AndroidManifest.xml:28:13-72
270            android:directBootAware="true"
270-->[com.google.firebase:firebase-common:19.4.0] AndroidManifest.xml:29:13-43
271            android:exported="false"
271-->[com.google.firebase:firebase-common:19.4.0] AndroidManifest.xml:30:13-37
272            android:initOrder="100" />
272-->[com.google.firebase:firebase-common:19.4.0] AndroidManifest.xml:31:13-36
273
274        <meta-data
274-->[com.google.android.gms:play-services-basement:17.1.1] AndroidManifest.xml:23:9-25:69
275            android:name="com.google.android.gms.version"
275-->[com.google.android.gms:play-services-basement:17.1.1] AndroidManifest.xml:24:13-58
276            android:value="@integer/google_play_services_version" />
276-->[com.google.android.gms:play-services-basement:17.1.1] AndroidManifest.xml:25:13-66
277
278        <service
278-->[androidx.room:room-runtime:2.3.0] AndroidManifest.xml:25:9-28:40
279            android:name="androidx.room.MultiInstanceInvalidationService"
279-->[androidx.room:room-runtime:2.3.0] AndroidManifest.xml:26:13-74
280            android:directBootAware="true"
280-->[androidx.room:room-runtime:2.3.0] AndroidManifest.xml:27:13-43
281            android:exported="false" />
281-->[androidx.room:room-runtime:2.3.0] AndroidManifest.xml:28:13-37
282    </application>
283
284</manifest>